[INFO  - 2016-08-13T22:52:05.424Z] GhostDriver - Main - running on port 24144
[INFO  - 2016-08-13T22:52:05.842Z] Session [8ebaddf0-61a8-11e6-be56-c763b9e0b58f] - page.settings - {"XSSAuditingEnabled":false,"javascriptCanCloseWindows":true,"javascriptCanOpenWindows":true,"javascriptEnabled":true,"loadImages":true,"localToRemoteUrlAccessEnabled":false,"userAgent":"Mozilla/5.0 (Unknown; Linux x86_64) AppleWebKit/538.1 (KHTML, like Gecko) PhantomJS/2.1.1 Safari/538.1","webSecurityEnabled":true}
[INFO  - 2016-08-13T22:52:05.842Z] Session [8ebaddf0-61a8-11e6-be56-c763b9e0b58f] - page.customHeaders:  - {}
[INFO  - 2016-08-13T22:52:05.842Z] Session [8ebaddf0-61a8-11e6-be56-c763b9e0b58f] - Session.negotiatedCapabilities - {"browserName":"phantomjs","version":"2.1.1","driverName":"ghostdriver","driverVersion":"1.2.0","platform":"linux-unknown-64bit","javascriptEnabled":true,"takesScreenshot":true,"handlesAlerts":false,"databaseEnabled":false,"locationContextEnabled":false,"applicationCacheEnabled":false,"browserConnectionEnabled":false,"cssSelectorsEnabled":true,"webStorageEnabled":false,"rotatable":false,"acceptSslCerts":false,"nativeEvents":true,"proxy":{"proxyType":"direct"}}
[INFO  - 2016-08-13T22:52:05.842Z] SessionManagerReqHand - _postNewSessionCommand - New Session Created: 8ebaddf0-61a8-11e6-be56-c763b9e0b58f
[INFO  - 2016-08-13T22:54:41.332Z] GhostDriver - Main - running on port 27073
[INFO  - 2016-08-13T22:54:41.878Z] Session [ebbc1230-61a8-11e6-9df2-df9b5cddacba] - page.settings - {"XSSAuditingEnabled":false,"javascriptCanCloseWindows":true,"javascriptCanOpenWindows":true,"javascriptEnabled":true,"loadImages":true,"localToRemoteUrlAccessEnabled":false,"userAgent":"Mozilla/5.0 (Unknown; Linux x86_64) AppleWebKit/538.1 (KHTML, like Gecko) PhantomJS/2.1.1 Safari/538.1","webSecurityEnabled":true}
[INFO  - 2016-08-13T22:54:41.878Z] Session [ebbc1230-61a8-11e6-9df2-df9b5cddacba] - page.customHeaders:  - {}
[INFO  - 2016-08-13T22:54:41.879Z] Session [ebbc1230-61a8-11e6-9df2-df9b5cddacba] - Session.negotiatedCapabilities - {"browserName":"phantomjs","version":"2.1.1","driverName":"ghostdriver","driverVersion":"1.2.0","platform":"linux-unknown-64bit","javascriptEnabled":true,"takesScreenshot":true,"handlesAlerts":false,"databaseEnabled":false,"locationContextEnabled":false,"applicationCacheEnabled":false,"browserConnectionEnabled":false,"cssSelectorsEnabled":true,"webStorageEnabled":false,"rotatable":false,"acceptSslCerts":false,"nativeEvents":true,"proxy":{"proxyType":"direct"}}
[INFO  - 2016-08-13T22:54:41.879Z] SessionManagerReqHand - _postNewSessionCommand - New Session Created: ebbc1230-61a8-11e6-9df2-df9b5cddacba
[INFO  - 2016-08-13T22:57:05.831Z] SessionManagerReqHand - _cleanupWindowlessSessions - Asynchronous Sessions clean-up phase starting NOW
[INFO  - 2016-08-13T22:59:41.824Z] SessionManagerReqHand - _cleanupWindowlessSessions - Asynchronous Sessions clean-up phase starting NOW
[INFO  - 2016-08-13T22:59:41.824Z] SessionManagerReqHand - _cleanupWindowlessSessions - Deleted Session 'ebbc1230-61a8-11e6-9df2-df9b5cddacba', because windowless
[INFO  - 2016-08-13T23:00:00.392Z] GhostDriver - Main - running on port 12156
[INFO  - 2016-08-13T23:00:00.916Z] Session [a9e519f0-61a9-11e6-b7c8-9b08a693589e] - page.settings - {"XSSAuditingEnabled":false,"javascriptCanCloseWindows":true,"javascriptCanOpenWindows":true,"javascriptEnabled":true,"loadImages":true,"localToRemoteUrlAccessEnabled":false,"userAgent":"Mozilla/5.0 (Unknown; Linux x86_64) AppleWebKit/538.1 (KHTML, like Gecko) PhantomJS/2.1.1 Safari/538.1","webSecurityEnabled":true}
[INFO  - 2016-08-13T23:00:00.916Z] Session [a9e519f0-61a9-11e6-b7c8-9b08a693589e] - page.customHeaders:  - {}
[INFO  - 2016-08-13T23:00:00.916Z] Session [a9e519f0-61a9-11e6-b7c8-9b08a693589e] - Session.negotiatedCapabilities - {"browserName":"phantomjs","version":"2.1.1","driverName":"ghostdriver","driverVersion":"1.2.0","platform":"linux-unknown-64bit","javascriptEnabled":true,"takesScreenshot":true,"handlesAlerts":false,"databaseEnabled":false,"locationContextEnabled":false,"applicationCacheEnabled":false,"browserConnectionEnabled":false,"cssSelectorsEnabled":true,"webStorageEnabled":false,"rotatable":false,"acceptSslCerts":false,"nativeEvents":true,"proxy":{"proxyType":"direct"}}
[INFO  - 2016-08-13T23:00:00.916Z] SessionManagerReqHand - _postNewSessionCommand - New Session Created: a9e519f0-61a9-11e6-b7c8-9b08a693589e
[INFO  - 2016-08-13T23:01:52.623Z] GhostDriver - Main - running on port 17758
[INFO  - 2016-08-13T23:01:53.153Z] Session [eccb90f0-61a9-11e6-97ca-dd97388e5dbd] - page.settings - {"XSSAuditingEnabled":false,"javascriptCanCloseWindows":true,"javascriptCanOpenWindows":true,"javascriptEnabled":true,"loadImages":true,"localToRemoteUrlAccessEnabled":false,"userAgent":"Mozilla/5.0 (Unknown; Linux x86_64) AppleWebKit/538.1 (KHTML, like Gecko) PhantomJS/2.1.1 Safari/538.1","webSecurityEnabled":true}
[INFO  - 2016-08-13T23:01:53.154Z] Session [eccb90f0-61a9-11e6-97ca-dd97388e5dbd] - page.customHeaders:  - {}
[INFO  - 2016-08-13T23:01:53.154Z] Session [eccb90f0-61a9-11e6-97ca-dd97388e5dbd] - Session.negotiatedCapabilities - {"browserName":"phantomjs","version":"2.1.1","driverName":"ghostdriver","driverVersion":"1.2.0","platform":"linux-unknown-64bit","javascriptEnabled":true,"takesScreenshot":true,"handlesAlerts":false,"databaseEnabled":false,"locationContextEnabled":false,"applicationCacheEnabled":false,"browserConnectionEnabled":false,"cssSelectorsEnabled":true,"webStorageEnabled":false,"rotatable":false,"acceptSslCerts":false,"nativeEvents":true,"proxy":{"proxyType":"direct"}}
[INFO  - 2016-08-13T23:01:53.154Z] SessionManagerReqHand - _postNewSessionCommand - New Session Created: eccb90f0-61a9-11e6-97ca-dd97388e5dbd
[INFO  - 2016-08-13T23:02:05.830Z] SessionManagerReqHand - _cleanupWindowlessSessions - Asynchronous Sessions clean-up phase starting NOW
[INFO  - 2016-08-13T23:05:00.823Z] SessionManagerReqHand - _cleanupWindowlessSessions - Asynchronous Sessions clean-up phase starting NOW
[INFO  - 2016-08-13T23:05:00.824Z] SessionManagerReqHand - _cleanupWindowlessSessions - Deleted Session 'a9e519f0-61a9-11e6-b7c8-9b08a693589e', because windowless
[INFO  - 2016-08-13T23:05:33.183Z] GhostDriver - Main - running on port 21222
[INFO  - 2016-08-13T23:05:33.702Z] Session [70408530-61aa-11e6-9aff-e901daa85d34] - page.settings - {"XSSAuditingEnabled":false,"javascriptCanCloseWindows":true,"javascriptCanOpenWindows":true,"javascriptEnabled":true,"loadImages":true,"localToRemoteUrlAccessEnabled":false,"userAgent":"Mozilla/5.0 (Unknown; Linux x86_64) AppleWebKit/538.1 (KHTML, like Gecko) PhantomJS/2.1.1 Safari/538.1","webSecurityEnabled":true}
[INFO  - 2016-08-13T23:05:33.702Z] Session [70408530-61aa-11e6-9aff-e901daa85d34] - page.customHeaders:  - {}
[INFO  - 2016-08-13T23:05:33.702Z] Session [70408530-61aa-11e6-9aff-e901daa85d34] - Session.negotiatedCapabilities - {"browserName":"phantomjs","version":"2.1.1","driverName":"ghostdriver","driverVersion":"1.2.0","platform":"linux-unknown-64bit","javascriptEnabled":true,"takesScreenshot":true,"handlesAlerts":false,"databaseEnabled":false,"locationContextEnabled":false,"applicationCacheEnabled":false,"browserConnectionEnabled":false,"cssSelectorsEnabled":true,"webStorageEnabled":false,"rotatable":false,"acceptSslCerts":false,"nativeEvents":true,"proxy":{"proxyType":"direct"}}
[INFO  - 2016-08-13T23:05:33.702Z] SessionManagerReqHand - _postNewSessionCommand - New Session Created: 70408530-61aa-11e6-9aff-e901daa85d34
[INFO  - 2016-08-13T23:06:52.830Z] SessionManagerReqHand - _cleanupWindowlessSessions - Asynchronous Sessions clean-up phase starting NOW
[INFO  - 2016-08-13T23:06:52.830Z] SessionManagerReqHand - _cleanupWindowlessSessions - Deleted Session 'eccb90f0-61a9-11e6-97ca-dd97388e5dbd', because windowless
[INFO  - 2016-08-13T23:07:04.065Z] GhostDriver - Main - running on port 23059
[INFO  - 2016-08-13T23:07:04.589Z] Session [a66c9f90-61aa-11e6-9d23-39bb0a2e43ea] - page.settings - {"XSSAuditingEnabled":false,"javascriptCanCloseWindows":true,"javascriptCanOpenWindows":true,"javascriptEnabled":true,"loadImages":true,"localToRemoteUrlAccessEnabled":false,"userAgent":"Mozilla/5.0 (Unknown; Linux x86_64) AppleWebKit/538.1 (KHTML, like Gecko) PhantomJS/2.1.1 Safari/538.1","webSecurityEnabled":true}
[INFO  - 2016-08-13T23:07:04.589Z] Session [a66c9f90-61aa-11e6-9d23-39bb0a2e43ea] - page.customHeaders:  - {}
[INFO  - 2016-08-13T23:07:04.592Z] Session [a66c9f90-61aa-11e6-9d23-39bb0a2e43ea] - Session.negotiatedCapabilities - {"browserName":"phantomjs","version":"2.1.1","driverName":"ghostdriver","driverVersion":"1.2.0","platform":"linux-unknown-64bit","javascriptEnabled":true,"takesScreenshot":true,"handlesAlerts":false,"databaseEnabled":false,"locationContextEnabled":false,"applicationCacheEnabled":false,"browserConnectionEnabled":false,"cssSelectorsEnabled":true,"webStorageEnabled":false,"rotatable":false,"acceptSslCerts":false,"nativeEvents":true,"proxy":{"proxyType":"direct"}}
[INFO  - 2016-08-13T23:07:04.592Z] SessionManagerReqHand - _postNewSessionCommand - New Session Created: a66c9f90-61aa-11e6-9d23-39bb0a2e43ea
[INFO  - 2016-08-13T23:07:05.831Z] SessionManagerReqHand - _cleanupWindowlessSessions - Asynchronous Sessions clean-up phase starting NOW
[INFO  - 2016-08-13T23:08:26.768Z] GhostDriver - Main - running on port 24182
[INFO  - 2016-08-13T23:08:27.293Z] Session [d7b867a0-61aa-11e6-b079-89f033bdfa26] - page.settings - {"XSSAuditingEnabled":false,"javascriptCanCloseWindows":true,"javascriptCanOpenWindows":true,"javascriptEnabled":true,"loadImages":true,"localToRemoteUrlAccessEnabled":false,"userAgent":"Mozilla/5.0 (Unknown; Linux x86_64) AppleWebKit/538.1 (KHTML, like Gecko) PhantomJS/2.1.1 Safari/538.1","webSecurityEnabled":true}
[INFO  - 2016-08-13T23:08:27.294Z] Session [d7b867a0-61aa-11e6-b079-89f033bdfa26] - page.customHeaders:  - {}
[INFO  - 2016-08-13T23:08:27.294Z] Session [d7b867a0-61aa-11e6-b079-89f033bdfa26] - Session.negotiatedCapabilities - {"browserName":"phantomjs","version":"2.1.1","driverName":"ghostdriver","driverVersion":"1.2.0","platform":"linux-unknown-64bit","javascriptEnabled":true,"takesScreenshot":true,"handlesAlerts":false,"databaseEnabled":false,"locationContextEnabled":false,"applicationCacheEnabled":false,"browserConnectionEnabled":false,"cssSelectorsEnabled":true,"webStorageEnabled":false,"rotatable":false,"acceptSslCerts":false,"nativeEvents":true,"proxy":{"proxyType":"direct"}}
[INFO  - 2016-08-13T23:08:27.294Z] SessionManagerReqHand - _postNewSessionCommand - New Session Created: d7b867a0-61aa-11e6-b079-89f033bdfa26
[INFO  - 2016-08-13T23:10:00.521Z] GhostDriver - Main - running on port 30763
[INFO  - 2016-08-13T23:10:01.070Z] Session [0f9da3b0-61ab-11e6-9a43-effeb586e12d] - page.settings - {"XSSAuditingEnabled":false,"javascriptCanCloseWindows":true,"javascriptCanOpenWindows":true,"javascriptEnabled":true,"loadImages":true,"localToRemoteUrlAccessEnabled":false,"userAgent":"Mozilla/5.0 (Unknown; Linux x86_64) AppleWebKit/538.1 (KHTML, like Gecko) PhantomJS/2.1.1 Safari/538.1","webSecurityEnabled":true}
[INFO  - 2016-08-13T23:10:01.070Z] Session [0f9da3b0-61ab-11e6-9a43-effeb586e12d] - page.customHeaders:  - {}
[INFO  - 2016-08-13T23:10:01.070Z] Session [0f9da3b0-61ab-11e6-9a43-effeb586e12d] - Session.negotiatedCapabilities - {"browserName":"phantomjs","version":"2.1.1","driverName":"ghostdriver","driverVersion":"1.2.0","platform":"linux-unknown-64bit","javascriptEnabled":true,"takesScreenshot":true,"handlesAlerts":false,"databaseEnabled":false,"locationContextEnabled":false,"applicationCacheEnabled":false,"browserConnectionEnabled":false,"cssSelectorsEnabled":true,"webStorageEnabled":false,"rotatable":false,"acceptSslCerts":false,"nativeEvents":true,"proxy":{"proxyType":"direct"}}
[INFO  - 2016-08-13T23:10:01.070Z] SessionManagerReqHand - _postNewSessionCommand - New Session Created: 0f9da3b0-61ab-11e6-9a43-effeb586e12d
[INFO  - 2016-08-13T23:10:33.182Z] SessionManagerReqHand - _cleanupWindowlessSessions - Asynchronous Sessions clean-up phase starting NOW
[INFO  - 2016-08-13T23:10:33.183Z] SessionManagerReqHand - _cleanupWindowlessSessions - Deleted Session '70408530-61aa-11e6-9aff-e901daa85d34', because windowless
[INFO  - 2016-08-13T23:12:04.073Z] SessionManagerReqHand - _cleanupWindowlessSessions - Asynchronous Sessions clean-up phase starting NOW
[INFO  - 2016-08-13T23:12:04.073Z] SessionManagerReqHand - _cleanupWindowlessSessions - Deleted Session 'a66c9f90-61aa-11e6-9d23-39bb0a2e43ea', because windowless
[INFO  - 2016-08-13T23:12:05.831Z] SessionManagerReqHand - _cleanupWindowlessSessions - Asynchronous Sessions clean-up phase starting NOW
[INFO  - 2016-08-13T23:12:34.809Z] GhostDriver - Main - running on port 27566
[INFO  - 2016-08-13T23:12:35.341Z] Session [6b9186a0-61ab-11e6-8a3d-495e6efef6c6] - page.settings - {"XSSAuditingEnabled":false,"javascriptCanCloseWindows":true,"javascriptCanOpenWindows":true,"javascriptEnabled":true,"loadImages":true,"localToRemoteUrlAccessEnabled":false,"userAgent":"Mozilla/5.0 (Unknown; Linux x86_64) AppleWebKit/538.1 (KHTML, like Gecko) PhantomJS/2.1.1 Safari/538.1","webSecurityEnabled":true}
[INFO  - 2016-08-13T23:12:35.341Z] Session [6b9186a0-61ab-11e6-8a3d-495e6efef6c6] - page.customHeaders:  - {}
[INFO  - 2016-08-13T23:12:35.341Z] Session [6b9186a0-61ab-11e6-8a3d-495e6efef6c6] - Session.negotiatedCapabilities - {"browserName":"phantomjs","version":"2.1.1","driverName":"ghostdriver","driverVersion":"1.2.0","platform":"linux-unknown-64bit","javascriptEnabled":true,"takesScreenshot":true,"handlesAlerts":false,"databaseEnabled":false,"locationContextEnabled":false,"applicationCacheEnabled":false,"browserConnectionEnabled":false,"cssSelectorsEnabled":true,"webStorageEnabled":false,"rotatable":false,"acceptSslCerts":false,"nativeEvents":true,"proxy":{"proxyType":"direct"}}
[INFO  - 2016-08-13T23:12:35.349Z] SessionManagerReqHand - _postNewSessionCommand - New Session Created: 6b9186a0-61ab-11e6-8a3d-495e6efef6c6
[INFO  - 2016-08-13T23:13:26.832Z] SessionManagerReqHand - _cleanupWindowlessSessions - Asynchronous Sessions clean-up phase starting NOW
[INFO  - 2016-08-13T23:13:26.832Z] SessionManagerReqHand - _cleanupWindowlessSessions - Deleted Session 'd7b867a0-61aa-11e6-b079-89f033bdfa26', because windowless
[INFO  - 2016-08-13T23:15:00.829Z] SessionManagerReqHand - _cleanupWindowlessSessions - Asynchronous Sessions clean-up phase starting NOW
[INFO  - 2016-08-13T23:15:00.830Z] SessionManagerReqHand - _cleanupWindowlessSessions - Deleted Session '0f9da3b0-61ab-11e6-9a43-effeb586e12d', because windowless
[INFO  - 2016-08-13T23:17:05.831Z] SessionManagerReqHand - _cleanupWindowlessSessions - Asynchronous Sessions clean-up phase starting NOW
[INFO  - 2016-08-13T23:17:34.830Z] SessionManagerReqHand - _cleanupWindowlessSessions - Asynchronous Sessions clean-up phase starting NOW
[INFO  - 2016-08-13T23:17:34.830Z] SessionManagerReqHand - _cleanupWindowlessSessions - Deleted Session '6b9186a0-61ab-11e6-8a3d-495e6efef6c6', because windowless
[INFO  - 2016-08-13T23:22:05.831Z] SessionManagerReqHand - _cleanupWindowlessSessions - Asynchronous Sessions clean-up phase starting NOW
[INFO  - 2016-08-13T23:27:05.832Z] SessionManagerReqHand - _cleanupWindowlessSessions - Asynchronous Sessions clean-up phase starting NOW
[INFO  - 2016-08-13T23:32:05.832Z] SessionManagerReqHand - _cleanupWindowlessSessions - Asynchronous Sessions clean-up phase starting NOW
[INFO  - 2016-08-13T23:37:05.832Z] SessionManagerReqHand - _cleanupWindowlessSessions - Asynchronous Sessions clean-up phase starting NOW
[INFO  - 2016-08-13T23:42:05.832Z] SessionManagerReqHand - _cleanupWindowlessSessions - Asynchronous Sessions clean-up phase starting NOW
[INFO  - 2016-08-13T23:47:05.832Z] SessionManagerReqHand - _cleanupWindowlessSessions - Asynchronous Sessions clean-up phase starting NOW
[INFO  - 2016-08-13T23:52:05.833Z] SessionManagerReqHand - _cleanupWindowlessSessions - Asynchronous Sessions clean-up phase starting NOW
[INFO  - 2016-08-13T23:57:05.833Z] SessionManagerReqHand - _cleanupWindowlessSessions - Asynchronous Sessions clean-up phase starting NOW
[INFO  - 2016-08-14T00:02:05.834Z] SessionManagerReqHand - _cleanupWindowlessSessions - Asynchronous Sessions clean-up phase starting NOW
[INFO  - 2016-08-14T00:07:05.834Z] SessionManagerReqHand - _cleanupWindowlessSessions - Asynchronous Sessions clean-up phase starting NOW
[INFO  - 2016-08-14T00:12:05.834Z] SessionManagerReqHand - _cleanupWindowlessSessions - Asynchronous Sessions clean-up phase starting NOW
[INFO  - 2016-08-14T00:17:05.834Z] SessionManagerReqHand - _cleanupWindowlessSessions - Asynchronous Sessions clean-up phase starting NOW
[INFO  - 2016-08-14T00:22:05.834Z] SessionManagerReqHand - _cleanupWindowlessSessions - Asynchronous Sessions clean-up phase starting NOW
